<?xml version="1.0" encoding="UTF-8"?>
<!-- Generated by org.testng.reporters.JUnitXMLReporter -->
<testsuite hostname="Terralogics-MacBook-Pro-2.local" ignored="0" name="Test" tests="16" failures="1" timestamp="20 Jul 2020 12:39:37 GMT" time="194.863" errors="0">
  <testcase name="existingusersignin" time="11.611" classname="automation.ebay.Login_Existing_User"/>
  <testcase name="switchmsgapp" time="0.367" classname="automation.ebay.Login_Existing_User"/>
  <testcase name="viewmsg" time="21.569" classname="automation.ebay.Login_Existing_User"/>
  <testcase name="userlangpref" time="22.442" classname="automation.ebay.Login_Existing_User"/>
  <testcase name="navtoAddresform" time="12.036" classname="automation.ebay.Login_Existing_User"/>
  <testcase name="selectnewAddresform" time="3.654" classname="automation.ebay.Login_Existing_User"/>
  <testcase name="filldeliveryaddress" time="7.507" classname="automation.ebay.Login_Existing_User"/>
  <testcase name="verifydropdown" time="2.661" classname="automation.ebay.Login_Existing_User"/>
  <testcase name="verifydropdown" time="13.999" classname="automation.ebay.Login_Existing_User"/>
  <testcase name="verifySaveAddressConfirmation" time="3.761" classname="automation.ebay.Login_Existing_User"/>
  <testcase name="navigatehome" time="4.32" classname="automation.ebay.Login_Existing_User"/>
  <testcase name="searchTV" time="9.525" classname="automation.ebay.Login_Existing_User"/>
  <testcase name="scrollTVlistSelect" time="12.792" classname="automation.ebay.Login_Existing_User"/>
  <testcase name="tvDetails" time="30.858" classname="automation.ebay.Login_Existing_User"/>
  <testcase name="gotocartview" time="4.123" classname="automation.ebay.Login_Existing_User"/>
  <testcase name="proceedpay" time="6.713" classname="automation.ebay.Login_Existing_User">
    <failure type="java.lang.AssertionError" message="expected [TCL 108 cm (43 inches)  AI 4K UHD Certified Android Smart LED TV...] but found [TCL 108 cm (43 inches)  AI 4K UHD Certified Android Smart LED TV 43P8 (Black) (2019 Model)]">
      <![CDATA[java.lang.AssertionError: expected [TCL 108 cm (43 inches)  AI 4K UHD Certified Android Smart LED TV...] but found [TCL 108 cm (43 inches)  AI 4K UHD Certified Android Smart LED TV 43P8 (Black) (2019 Model)]
at pageActions.ProceedPayPageActions.getTvDesatPay(ProceedPayPageActions.java:38)
at automation.ebay.Login_Existing_User.proceedpay(Login_Existing_User.java:224)
... Removed 34 stack frames]]>
    </failure>
  </testcase> <!-- proceedpay -->
</testsuite> <!-- Test -->
