<?xml version="1.0" encoding="UTF-8"?>
<testsuite xmlns:xsi="http://www.w3.org/2001/XMLSchema-instance" xsi:noNamespaceSchemaLocation="https://maven.apache.org/surefire/maven-surefire-plugin/xsd/surefire-test-report.xsd" name="TestSuite" time="197.818" tests="16" errors="0" skipped="0" failures="1">
  <properties>
[...]
</properties>
  <testcase name="existingusersignin" classname="automation.ebay.Login_Existing_User" time="12.141"/>
  <testcase name="switchmsgapp" classname="automation.ebay.Login_Existing_User" time="0.921"/>
  <testcase name="viewmsg" classname="automation.ebay.Login_Existing_User" time="22.009"/>
  <testcase name="userlangpref" classname="automation.ebay.Login_Existing_User" time="23.226"/>
  <testcase name="navtoAddresform" classname="automation.ebay.Login_Existing_User" time="12.48"/>
  <testcase name="selectnewAddresform" classname="automation.ebay.Login_Existing_User" time="4.066"/>
  <testcase name="filldeliveryaddress" classname="automation.ebay.Login_Existing_User" time="8.042"/>
  <testcase name="verifydropdown" classname="automation.ebay.Login_Existing_User" time="3.127"/>
  <testcase name="verifydropdown" classname="automation.ebay.Login_Existing_User" time="14.427"/>
  <testcase name="verifySaveAddressConfirmation" classname="automation.ebay.Login_Existing_User" time="4.158"/>
  <testcase name="navigatehome" classname="automation.ebay.Login_Existing_User" time="4.973"/>
  <testcase name="searchTV" classname="automation.ebay.Login_Existing_User" time="10.149"/>
  <testcase name="scrollTVlistSelect" classname="automation.ebay.Login_Existing_User" time="13.364"/>
  <testcase name="tvDetails" classname="automation.ebay.Login_Existing_User" time="31.364"/>
  <testcase name="gotocartview" classname="automation.ebay.Login_Existing_User" time="4.58"/>
  <testcase name="proceedpay" classname="automation.ebay.Login_Existing_User" time="7.223">
    <failure message="expected [TCL 108 cm (43 inches)  AI 4K UHD Certified Android Smart LED TV...] but found [TCL 108 cm (43 inches)  AI 4K UHD Certified Android Smart LED TV 43P8 (Black) (2019 Model)]" type="java.lang.AssertionError">java.lang.AssertionError: expected [TCL 108 cm (43 inches)  AI 4K UHD Certified Android Smart LED TV...] but found [TCL 108 cm (43 inches)  AI 4K UHD Certified Android Smart LED TV 43P8 (Black) (2019 Model)]
	at automation.ebay.Login_Existing_User.proceedpay(Login_Existing_User.java:224)
</failure>
    <system-out><![CDATA[07-20-2020 18:09:36 ProceedPayPageActions.java INFO  [main] pageActions.ProceedPayPageActions 37 - ****The Tv Des in Cart is TCL 108 cm (43 inches)  AI 4K UHD Certified Android Smart LED TV... ****
]]></system-out>
  </testcase>
</testsuite>