-------------------------------------------------------------------------------
Test set: TestSuite
-------------------------------------------------------------------------------
Tests run: 16, Failures: 1, Errors: 0, Skipped: 0, Time elapsed: 197.818 s <<< FAILURE! - in TestSuite
proceedpay(automation.ebay.Login_Existing_User)  Time elapsed: 7.223 s  <<< FAILURE!
java.lang.AssertionError: expected [TCL 108 cm (43 inches)  AI 4K UHD Certified Android Smart LED TV...] but found [TCL 108 cm (43 inches)  AI 4K UHD Certified Android Smart LED TV 43P8 (Black) (2019 Model)]
	at automation.ebay.Login_Existing_User.proceedpay(Login_Existing_User.java:224)

